Release 14.7 - xst P.20131013 (nt64)
Copyright (c) 1995-2013 Xilinx, Inc.  All rights reserved.
--> Parameter TMPDIR set to xst/projnav.tmp


Total REAL time to Xst completion: 0.00 secs
Total CPU time to Xst completion: 0.08 secs
 
--> Parameter xsthdpdir set to xst


Total REAL time to Xst completion: 0.00 secs
Total CPU time to Xst completion: 0.08 secs
 
--> Reading design: parkingLotSystem.prj

TABLE OF CONTENTS
  1) Synthesis Options Summary
  2) HDL Compilation
  3) Design Hierarchy Analysis
  4) HDL Analysis
  5) HDL Synthesis
     5.1) HDL Synthesis Report
  6) Advanced HDL Synthesis
     6.1) Advanced HDL Synthesis Report
  7) Low Level Synthesis
  8) Partition Report
  9) Final Report
	9.1) Device utilization summary
	9.2) Partition Resource Summary
	9.3) TIMING REPORT


=========================================================================
*                      Synthesis Options Summary                        *
=========================================================================
---- Source Parameters
Input File Name                    : "parkingLotSystem.prj"
Input Format                       : mixed
Ignore Synthesis Constraint File   : NO

---- Target Parameters
Output File Name                   : "parkingLotSystem"
Output Format                      : NGC
Target Device                      : xc3s1000-5-ft256

---- Source Options
Top Module Name                    : parkingLotSystem
Automatic FSM Extraction           : YES
FSM Encoding Algorithm             : Auto
Safe Implementation                : No
FSM Style                          : LUT
RAM Extraction                     : Yes
RAM Style                          : Auto
ROM Extraction                     : Yes
Mux Style                          : Auto
Decoder Extraction                 : YES
Priority Encoder Extraction        : Yes
Shift Register Extraction          : YES
Logical Shifter Extraction         : YES
XOR Collapsing                     : YES
ROM Style                          : Auto
Mux Extraction                     : Yes
Resource Sharing                   : YES
Asynchronous To Synchronous        : NO
Multiplier Style                   : Auto
Automatic Register Balancing       : No

---- Target Options
Add IO Buffers                     : YES
Global Maximum Fanout              : 100000
Add Generic Clock Buffer(BUFG)     : 8
Register Duplication               : YES
Slice Packing                      : YES
Optimize Instantiated Primitives   : NO
Use Clock Enable                   : Yes
Use Synchronous Set                : Yes
Use Synchronous Reset              : Yes
Pack IO Registers into IOBs        : Auto
Equivalent register Removal        : YES

---- General Options
Optimization Goal                  : Speed
Optimization Effort                : 1
Keep Hierarchy                     : No
Netlist Hierarchy                  : As_Optimized
RTL Output                         : Yes
Global Optimization                : AllClockNets
Read Cores                         : YES
Write Timing Constraints           : NO
Cross Clock Analysis               : NO
Hierarchy Separator                : /
Bus Delimiter                      : <>
Case Specifier                     : Maintain
Slice Utilization Ratio            : 100
BRAM Utilization Ratio             : 100
Verilog 2001                       : YES
Auto BRAM Packing                  : NO
Slice Utilization Ratio Delta      : 5

=========================================================================


=========================================================================
*                          HDL Compilation                              *
=========================================================================
Compiling vhdl file "C:/Users/cypher/Documents/GitHub/Projects-Cypher/Hardware Engineering/Lab Project/CYPHER module/Parking_Lot_System_FPGA/Parking_Lot_System_FPGA/Q1.vhd" in Library work.
Architecture data of Entity half_adder_1_bit is up to date.
Compiling vhdl file "C:/Users/cypher/Documents/GitHub/Projects-Cypher/Hardware Engineering/Lab Project/CYPHER module/Parking_Lot_System_FPGA/Parking_Lot_System_FPGA/Q2.vhd" in Library work.
Architecture data of Entity full_adder_1_bit is up to date.
Compiling vhdl file "C:/Users/cypher/Documents/GitHub/Projects-Cypher/Hardware Engineering/Lab Project/CYPHER module/Parking_Lot_System_FPGA/Parking_Lot_System_FPGA/Q3.vhd" in Library work.
Architecture data of Entity full_adder_4_bit is up to date.
Compiling vhdl file "C:/Users/cypher/Documents/GitHub/Projects-Cypher/Hardware Engineering/Lab Project/CYPHER module/Parking_Lot_System_FPGA/Parking_Lot_System_FPGA/add3.vhd" in Library work.
Architecture behavioural of Entity add3 is up to date.
Compiling vhdl file "C:/Users/cypher/Documents/GitHub/Projects-Cypher/Hardware Engineering/Lab Project/CYPHER module/Parking_Lot_System_FPGA/Parking_Lot_System_FPGA/bcd_8_bit.vhd" in Library work.
Architecture behavioural of Entity bcd_8_bit is up to date.
Compiling vhdl file "C:/Users/cypher/Documents/GitHub/Projects-Cypher/Hardware Engineering/Lab Project/CYPHER module/Parking_Lot_System_FPGA/Parking_Lot_System_FPGA/bcd_7segment.vhd" in Library work.
Architecture logic of Entity led_7segment is up to date.
Compiling vhdl file "C:/Users/cypher/Documents/GitHub/Projects-Cypher/Hardware Engineering/Lab Project/CYPHER module/Parking_Lot_System_FPGA/Parking_Lot_System_FPGA/bcd_shifter.vhd" in Library work.
Architecture behavioral of Entity bcd_shifter is up to date.
Compiling vhdl file "C:/Users/cypher/Documents/GitHub/Projects-Cypher/Hardware Engineering/Lab Project/CYPHER module/Parking_Lot_System_FPGA/Parking_Lot_System_FPGA/Parking_Lot_System.vhd" in Library work.
Entity <parkinglotsystem> compiled.
Entity <parkinglotsystem> (Architecture <behavioral>) compiled.

=========================================================================
*                     Design Hierarchy Analysis                         *
=========================================================================
Analyzing hierarchy for entity <parkingLotSystem> in library <work> (architecture <behavioral>).

Analyzing hierarchy for entity <bcd_8_bit> in library <work> (architecture <behavioural>).

Analyzing hierarchy for entity <LED_7segment> in library <work> (architecture <logic>).

Analyzing hierarchy for entity <bcd_shifter> in library <work> (architecture <behavioral>).

Analyzing hierarchy for entity <add3> in library <work> (architecture <behavioural>).

Analyzing hierarchy for entity <full_adder_4_bit> in library <work> (architecture <data>).

Analyzing hierarchy for entity <full_adder_1_bit> in library <work> (architecture <data>).

Analyzing hierarchy for entity <half_adder_1_bit> in library <work> (architecture <data>).


=========================================================================
*                            HDL Analysis                               *
=========================================================================
Analyzing Entity <parkingLotSystem> in library <work> (Architecture <behavioral>).
WARNING:Xst:819 - "C:/Users/cypher/Documents/GitHub/Projects-Cypher/Hardware Engineering/Lab Project/CYPHER module/Parking_Lot_System_FPGA/Parking_Lot_System_FPGA/Parking_Lot_System.vhd" line 156: One or more signals are missing in the process sensitivity list. To enable synthesis of FPGA/CPLD hardware, XST will assume that all necessary signals are present in the sensitivity list. Please note that the result of the synthesis may differ from the initial design specification. The missing signals are:
   <clockScalers<18>>
Entity <parkingLotSystem> analyzed. Unit <parkingLotSystem> generated.

Analyzing Entity <bcd_8_bit> in library <work> (Architecture <behavioural>).
Entity <bcd_8_bit> analyzed. Unit <bcd_8_bit> generated.

Analyzing Entity <add3> in library <work> (Architecture <behavioural>).
Entity <add3> analyzed. Unit <add3> generated.

Analyzing Entity <full_adder_4_bit> in library <work> (Architecture <data>).
Entity <full_adder_4_bit> analyzed. Unit <full_adder_4_bit> generated.

Analyzing Entity <full_adder_1_bit> in library <work> (Architecture <data>).
Entity <full_adder_1_bit> analyzed. Unit <full_adder_1_bit> generated.

Analyzing Entity <half_adder_1_bit> in library <work> (Architecture <data>).
Entity <half_adder_1_bit> analyzed. Unit <half_adder_1_bit> generated.

Analyzing Entity <LED_7segment> in library <work> (Architecture <logic>).
Entity <LED_7segment> analyzed. Unit <LED_7segment> generated.

Analyzing Entity <bcd_shifter> in library <work> (Architecture <behavioral>).
Entity <bcd_shifter> analyzed. Unit <bcd_shifter> generated.


=========================================================================
*                           HDL Synthesis                               *
=========================================================================

Performing bidirectional port resolution...

Synthesizing Unit <LED_7segment>.
    Related source file is "C:/Users/cypher/Documents/GitHub/Projects-Cypher/Hardware Engineering/Lab Project/CYPHER module/Parking_Lot_System_FPGA/Parking_Lot_System_FPGA/bcd_7segment.vhd".
    Found 16x7-bit ROM for signal <LED_out>.
    Summary:
	inferred   1 ROM(s).
Unit <LED_7segment> synthesized.


Synthesizing Unit <bcd_shifter>.
    Related source file is "C:/Users/cypher/Documents/GitHub/Projects-Cypher/Hardware Engineering/Lab Project/CYPHER module/Parking_Lot_System_FPGA/Parking_Lot_System_FPGA/bcd_shifter.vhd".
    Using one-hot encoding for signal <current_state>.
    Found 7-bit register for signal <bcd_out>.
    Found 4-bit register for signal <An>.
    Found 3-bit register for signal <current_state>.
    Found 3-bit register for signal <next_state>.
    Summary:
	inferred  14 D-type flip-flop(s).
Unit <bcd_shifter> synthesized.


Synthesizing Unit <half_adder_1_bit>.
    Related source file is "C:/Users/cypher/Documents/GitHub/Projects-Cypher/Hardware Engineering/Lab Project/CYPHER module/Parking_Lot_System_FPGA/Parking_Lot_System_FPGA/Q1.vhd".
    Found 1-bit xor2 for signal <S>.
Unit <half_adder_1_bit> synthesized.


Synthesizing Unit <full_adder_1_bit>.
    Related source file is "C:/Users/cypher/Documents/GitHub/Projects-Cypher/Hardware Engineering/Lab Project/CYPHER module/Parking_Lot_System_FPGA/Parking_Lot_System_FPGA/Q2.vhd".
Unit <full_adder_1_bit> synthesized.


Synthesizing Unit <full_adder_4_bit>.
    Related source file is "C:/Users/cypher/Documents/GitHub/Projects-Cypher/Hardware Engineering/Lab Project/CYPHER module/Parking_Lot_System_FPGA/Parking_Lot_System_FPGA/Q3.vhd".
WARNING:Xst:647 - Input <Cin> is never used. This port will be preserved and left unconnected if it belongs to a top-level block or it belongs to a sub-block and the hierarchy of this sub-block is preserved.
Unit <full_adder_4_bit> synthesized.


Synthesizing Unit <add3>.
    Related source file is "C:/Users/cypher/Documents/GitHub/Projects-Cypher/Hardware Engineering/Lab Project/CYPHER module/Parking_Lot_System_FPGA/Parking_Lot_System_FPGA/add3.vhd".
WARNING:Xst:646 - Signal <CoutS> is assigned but never used. This unconnected signal will be trimmed during the optimization process.
WARNING:Xst:653 - Signal <CinS> is used but never assigned. This sourceless signal will be automatically connected to value 0.
Unit <add3> synthesized.


Synthesizing Unit <bcd_8_bit>.
    Related source file is "C:/Users/cypher/Documents/GitHub/Projects-Cypher/Hardware Engineering/Lab Project/CYPHER module/Parking_Lot_System_FPGA/Parking_Lot_System_FPGA/bcd_8_bit.vhd".
Unit <bcd_8_bit> synthesized.


Synthesizing Unit <parkingLotSystem>.
    Related source file is "C:/Users/cypher/Documents/GitHub/Projects-Cypher/Hardware Engineering/Lab Project/CYPHER module/Parking_Lot_System_FPGA/Parking_Lot_System_FPGA/Parking_Lot_System.vhd".
    Register <led_s> equivalent to <gate_s> has been removed
    Using one-hot encoding for signal <current_state>.
    Found 31-bit up counter for signal <clockScalers>.
    Found 8-bit register for signal <count_mem>.
    Found 8-bit addsub for signal <count_mem$share0000> created at line 159.
    Found 3-bit register for signal <current_state>.
    Found 1-bit register for signal <gate_s>.
    Found 3-bit register for signal <next_state>.
    Found 1-bit register for signal <space_state>.
    Found 8-bit comparator less for signal <space_state$cmp_lt0000> created at line 177.
    Summary:
	inferred   1 Counter(s).
	inferred  13 D-type flip-flop(s).
	inferred   1 Adder/Subtractor(s).
	inferred   1 Comparator(s).
Unit <parkingLotSystem> synthesized.

INFO:Xst:1767 - HDL ADVISOR - Resource sharing has identified that some arithmetic operations in this design can share the same physical resources for reduced device utilization. For improved clock frequency you may try to disable resource sharing.

=========================================================================
HDL Synthesis Report

Macro Statistics
# ROMs                                                 : 3
 16x7-bit ROM                                          : 3
# Adders/Subtractors                                   : 1
 8-bit addsub                                          : 1
# Counters                                             : 1
 31-bit up counter                                     : 1
# Registers                                            : 9
 1-bit register                                        : 2
 3-bit register                                        : 4
 4-bit register                                        : 1
 7-bit register                                        : 1
 8-bit register                                        : 1
# Comparators                                          : 1
 8-bit comparator less                                 : 1
# Xors                                                 : 56
 1-bit xor2                                            : 56

=========================================================================

=========================================================================
*                       Advanced HDL Synthesis                          *
=========================================================================

WARNING:Xst:1290 - Hierarchical block <U1> is unconnected in block <bit3>.
   It will be removed from the design.
WARNING:Xst:1290 - Hierarchical block <U1> is unconnected in block <bit3>.
   It will be removed from the design.

=========================================================================
Advanced HDL Synthesis Report

Macro Statistics
# ROMs                                                 : 3
 16x7-bit ROM                                          : 3
# Adders/Subtractors                                   : 1
 8-bit addsub                                          : 1
# Counters                                             : 1
 31-bit up counter                                     : 1
# Registers                                            : 33
 Flip-Flops                                            : 33
# Comparators                                          : 1
 8-bit comparator less                                 : 1
# Xors                                                 : 56
 1-bit xor2                                            : 56

=========================================================================

=========================================================================
*                         Low Level Synthesis                           *
=========================================================================
WARNING:Xst:2677 - Node <clockScalers_19> of sequential type is unconnected in block <parkingLotSystem>.
WARNING:Xst:2677 - Node <clockScalers_20> of sequential type is unconnected in block <parkingLotSystem>.
WARNING:Xst:2677 - Node <clockScalers_21> of sequential type is unconnected in block <parkingLotSystem>.
WARNING:Xst:2677 - Node <clockScalers_22> of sequential type is unconnected in block <parkingLotSystem>.
WARNING:Xst:2677 - Node <clockScalers_23> of sequential type is unconnected in block <parkingLotSystem>.
WARNING:Xst:2677 - Node <clockScalers_24> of sequential type is unconnected in block <parkingLotSystem>.
WARNING:Xst:2677 - Node <clockScalers_25> of sequential type is unconnected in block <parkingLotSystem>.
WARNING:Xst:2677 - Node <clockScalers_26> of sequential type is unconnected in block <parkingLotSystem>.
WARNING:Xst:2677 - Node <clockScalers_27> of sequential type is unconnected in block <parkingLotSystem>.
WARNING:Xst:2677 - Node <clockScalers_28> of sequential type is unconnected in block <parkingLotSystem>.
WARNING:Xst:2677 - Node <clockScalers_29> of sequential type is unconnected in block <parkingLotSystem>.
WARNING:Xst:2677 - Node <clockScalers_30> of sequential type is unconnected in block <parkingLotSystem>.

Optimizing unit <parkingLotSystem> ...

Optimizing unit <bcd_shifter> ...

Mapping all equations...
Building and optimizing final netlist ...
Found area constraint ratio of 100 (+ 5) on block parkingLotSystem, actual ratio is 1.
FlipFlop count_mem_5 has been replicated 1 time(s)
FlipFlop count_mem_7 has been replicated 1 time(s)

Final Macro Processing ...

=========================================================================
Final Register Report

Macro Statistics
# Registers                                            : 54
 Flip-Flops                                            : 54

=========================================================================

=========================================================================
*                           Partition Report                            *
=========================================================================

Partition Implementation Status
-------------------------------

  No Partitions were found in this design.

-------------------------------

=========================================================================
*                            Final Report                               *
=========================================================================
Final Results
RTL Top Level Output File Name     : parkingLotSystem.ngr
Top Level Output File Name         : parkingLotSystem
Output Format                      : NGC
Optimization Goal                  : Speed
Keep Hierarchy                     : No

Design Statistics
# IOs                              : 43

Cell Usage :
# BELS                             : 188
#      GND                         : 1
#      INV                         : 2
#      LUT1                        : 18
#      LUT2                        : 9
#      LUT2_D                      : 1
#      LUT3                        : 15
#      LUT3_D                      : 2
#      LUT3_L                      : 1
#      LUT4                        : 77
#      LUT4_D                      : 10
#      LUT4_L                      : 3
#      MUXCY                       : 18
#      MUXF5                       : 11
#      VCC                         : 1
#      XORCY                       : 19
# FlipFlops/Latches                : 54
#      FD                          : 1
#      FD_1                        : 4
#      FDC                         : 23
#      FDC_1                       : 10
#      FDP                         : 2
#      FDR                         : 1
#      FDS                         : 3
#      FDS_1                       : 10
# Clock Buffers                    : 2
#      BUFG                        : 1
#      BUFGP                       : 1
# IO Buffers                       : 42
#      IBUF                        : 6
#      OBUF                        : 36
=========================================================================

Device utilization summary:
---------------------------

Selected Device : 3s1000ft256-5 

 Number of Slices:                       73  out of   7680     0%  
 Number of Slice Flip Flops:             54  out of  15360     0%  
 Number of 4 input LUTs:                138  out of  15360     0%  
 Number of IOs:                          43
 Number of bonded IOBs:                  43  out of    173    24%  
 Number of GCLKs:                         2  out of      8    25%  

---------------------------
Partition Resource Summary:
---------------------------

  No Partitions were found in this design.

---------------------------


=========================================================================
TIMING REPORT

NOTE: THESE TIMING NUMBERS ARE ONLY A SYNTHESIS ESTIMATE.
      FOR ACCURATE TIMING INFORMATION PLEASE REFER TO THE TRACE REPORT
      GENERATED AFTER PLACE-and-ROUTE.

Clock Information:
------------------
-----------------------------------+------------------------+-------+
Clock Signal                       | Clock buffer(FF name)  | Load  |
-----------------------------------+------------------------+-------+
clk                                | BUFGP                  | 27    |
clockScalers_181                   | BUFG                   | 27    |
-----------------------------------+------------------------+-------+

Asynchronous Control Signals Information:
----------------------------------------
-----------------------------------+------------------------+-------+
Control Signal                     | Buffer(FF name)        | Load  |
-----------------------------------+------------------------+-------+
rst                                | IBUF                   | 35    |
-----------------------------------+------------------------+-------+

Timing Summary:
---------------
Speed Grade: -5

   Minimum period: 11.904ns (Maximum Frequency: 84.006MHz)
   Minimum input arrival time before clock: 9.510ns
   Maximum output required time after clock: 14.812ns
   Maximum combinational path delay: No path found

Timing Detail:
--------------
All values displayed in nanoseconds (ns)

=========================================================================
Timing constraint: Default period analysis for Clock 'clk'
  Clock period: 4.366ns (frequency: 229.050MHz)
  Total number of paths / destination ports: 205 / 29
-------------------------------------------------------------------------
Delay:               4.366ns (Levels of Logic = 19)
  Source:            clockScalers_1 (FF)
  Destination:       clockScalers_18 (FF)
  Source Clock:      clk rising
  Destination Clock: clk rising

  Data Path: clockScalers_1 to clockScalers_18
                                Gate     Net
    Cell:in->out      fanout   Delay   Delay  Logical Name (Net Name)
    ----------------------------------------  ------------
     FDC:C->Q              1   0.626   0.976  clockScalers_1 (clockScalers_1)
     LUT1:I0->O            1   0.479   0.000  Mcount_clockScalers_cy<1>_rt (Mcount_clockScalers_cy<1>_rt)
     MUXCY:S->O            1   0.435   0.000  Mcount_clockScalers_cy<1> (Mcount_clockScalers_cy<1>)
     MUXCY:CI->O           1   0.056   0.000  Mcount_clockScalers_cy<2> (Mcount_clockScalers_cy<2>)
     MUXCY:CI->O           1   0.056   0.000  Mcount_clockScalers_cy<3> (Mcount_clockScalers_cy<3>)
     MUXCY:CI->O           1   0.056   0.000  Mcount_clockScalers_cy<4> (Mcount_clockScalers_cy<4>)
     MUXCY:CI->O           1   0.056   0.000  Mcount_clockScalers_cy<5> (Mcount_clockScalers_cy<5>)
     MUXCY:CI->O           1   0.056   0.000  Mcount_clockScalers_cy<6> (Mcount_clockScalers_cy<6>)
     MUXCY:CI->O           1   0.056   0.000  Mcount_clockScalers_cy<7> (Mcount_clockScalers_cy<7>)
     MUXCY:CI->O           1   0.056   0.000  Mcount_clockScalers_cy<8> (Mcount_clockScalers_cy<8>)
     MUXCY:CI->O           1   0.056   0.000  Mcount_clockScalers_cy<9> (Mcount_clockScalers_cy<9>)
     MUXCY:CI->O           1   0.056   0.000  Mcount_clockScalers_cy<10> (Mcount_clockScalers_cy<10>)
     MUXCY:CI->O           1   0.056   0.000  Mcount_clockScalers_cy<11> (Mcount_clockScalers_cy<11>)
     MUXCY:CI->O           1   0.056   0.000  Mcount_clockScalers_cy<12> (Mcount_clockScalers_cy<12>)
     MUXCY:CI->O           1   0.056   0.000  Mcount_clockScalers_cy<13> (Mcount_clockScalers_cy<13>)
     MUXCY:CI->O           1   0.056   0.000  Mcount_clockScalers_cy<14> (Mcount_clockScalers_cy<14>)
     MUXCY:CI->O           1   0.056   0.000  Mcount_clockScalers_cy<15> (Mcount_clockScalers_cy<15>)
     MUXCY:CI->O           1   0.056   0.000  Mcount_clockScalers_cy<16> (Mcount_clockScalers_cy<16>)
     MUXCY:CI->O           0   0.056   0.000  Mcount_clockScalers_cy<17> (Mcount_clockScalers_cy<17>)
     XORCY:CI->O           1   0.786   0.000  Mcount_clockScalers_xor<18> (Result<18>)
     FDC:D                     0.176          clockScalers_18
    ----------------------------------------
    Total                      4.366ns (3.390ns logic, 0.976ns route)
                                       (77.6% logic, 22.4% route)

=========================================================================
Timing constraint: Default period analysis for Clock 'clockScalers_181'
  Clock period: 11.904ns (frequency: 84.006MHz)
  Total number of paths / destination ports: 5962 / 37
-------------------------------------------------------------------------
Delay:               11.904ns (Levels of Logic = 7)
  Source:            count_mem_4 (FF)
  Destination:       shifter1/bcd_out_6 (FF)
  Source Clock:      clockScalers_181 falling
  Destination Clock: clockScalers_181 falling

  Data Path: count_mem_4 to shifter1/bcd_out_6
                                Gate     Net
    Cell:in->out      fanout   Delay   Delay  Logical Name (Net Name)
    ----------------------------------------  ------------
     FDC_1:C->Q           18   0.626   1.227  count_mem_4 (count_mem_4)
     LUT4:I3->O            3   0.479   0.830  converter1/add32/adder1/bit2/U2/Mxor_S_Result_SW0 (N25)
     LUT3:I2->O           11   0.479   1.031  converter1/add32/adder1/bit2/U2/Mxor_S_Result (converter1/add33/adder1/bit3/U1/Mxor_S_Result_and0001)
     LUT4:I2->O            2   0.479   0.915  digit2c/Mrom_LED_out111_SW0 (N20)
     LUT4:I1->O            1   0.479   0.704  digit2c/Mrom_LED_out111 (N6)
     LUT4_D:I3->O          6   0.479   0.876  digit1c/Mrom_LED_out31 (N4)
     LUT4:I3->O            2   0.479   0.768  digit1c/Mrom_LED_out61 (digit1c/Mrom_LED_out6)
     LUT4:I3->O            1   0.479   0.681  shifter1/bcd_out_mux0001<6>_SW0 (N51)
     FDS_1:S                   0.892          shifter1/bcd_out_6
    ----------------------------------------
    Total                     11.904ns (4.871ns logic, 7.033ns route)
                                       (40.9% logic, 59.1% route)

=========================================================================
Timing constraint: Default OFFSET IN BEFORE for Clock 'clk'
  Total number of paths / destination ports: 15 / 5
-------------------------------------------------------------------------
Offset:              5.162ns (Levels of Logic = 3)
  Source:            input<3> (PAD)
  Destination:       next_state_2 (FF)
  Destination Clock: clk rising

  Data Path: input<3> to next_state_2
                                Gate     Net
    Cell:in->out      fanout   Delay   Delay  Logical Name (Net Name)
    ----------------------------------------  ------------
     IBUF:I->O             4   0.715   1.074  input_3_IBUF (input_3_IBUF)
     LUT2:I0->O            5   0.479   0.842  next_state_mux0004<1>31 (N57)
     LUT4:I2->O            1   0.479   0.681  next_state_mux0004<0>12 (next_state_mux0004<0>12)
     FDS:S                     0.892          next_state_2
    ----------------------------------------
    Total                      5.162ns (2.565ns logic, 2.597ns route)
                                       (49.7% logic, 50.3% route)

=========================================================================
Timing constraint: Default OFFSET IN BEFORE for Clock 'clockScalers_181'
  Total number of paths / destination ports: 208 / 10
-------------------------------------------------------------------------
Offset:              9.510ns (Levels of Logic = 7)
  Source:            input<3> (PAD)
  Destination:       count_mem_7 (FF)
  Destination Clock: clockScalers_181 falling

  Data Path: input<3> to count_mem_7
                                Gate     Net
    Cell:in->out      fanout   Delay   Delay  Logical Name (Net Name)
    ----------------------------------------  ------------
     IBUF:I->O             4   0.715   1.074  input_3_IBUF (input_3_IBUF)
     LUT4:I0->O           10   0.479   1.134  count_mem_cmp_eq00001 (count_mem_cmp_eq0000)
     LUT2:I1->O            4   0.479   1.074  count_mem_mux00031 (count_mem_mux00031)
     LUT4:I0->O            2   0.479   0.915  count_mem_mux0002<4>1 (N19)
     LUT4:I1->O            2   0.479   0.745  Maddsub_count_mem_share0000_xor<7>12_SW0 (N97)
     MUXF5:S->O            1   0.540   0.740  count_mem_mux0002<7>_SW0_f5 (N40)
     LUT4:I2->O            2   0.479   0.000  count_mem_mux0002<7> (count_mem_mux0002<7>)
     FDC_1:D                   0.176          count_mem_7
    ----------------------------------------
    Total                      9.510ns (3.826ns logic, 5.684ns route)
                                       (40.2% logic, 59.8% route)

=========================================================================
Timing constraint: Default OFFSET OUT AFTER for Clock 'clk'
  Total number of paths / destination ports: 4 / 4
-------------------------------------------------------------------------
Offset:              7.530ns (Levels of Logic = 2)
  Source:            gate_s (FF)
  Destination:       led_red (PAD)
  Source Clock:      clk rising

  Data Path: gate_s to led_red
                                Gate     Net
    Cell:in->out      fanout   Delay   Delay  Logical Name (Net Name)
    ----------------------------------------  ------------
     FDS:C->Q              3   0.626   0.771  gate_s (gate_s)
     INV:I->O              2   0.479   0.745  led_red1_INV_0 (led_red_OBUF)
     OBUF:I->O                 4.909          led_red_OBUF (led_red)
    ----------------------------------------
    Total                      7.530ns (6.014ns logic, 1.516ns route)
                                       (79.9% logic, 20.1% route)

=========================================================================
Timing constraint: Default OFFSET OUT AFTER for Clock 'clockScalers_181'
  Total number of paths / destination ports: 5879 / 31
-------------------------------------------------------------------------
Offset:              14.812ns (Levels of Logic = 8)
  Source:            count_mem_4 (FF)
  Destination:       digit3port<6> (PAD)
  Source Clock:      clockScalers_181 falling

  Data Path: count_mem_4 to digit3port<6>
                                Gate     Net
    Cell:in->out      fanout   Delay   Delay  Logical Name (Net Name)
    ----------------------------------------  ------------
     FDC_1:C->Q           18   0.626   1.227  count_mem_4 (count_mem_4)
     LUT4_D:I3->O          5   0.479   0.842  converter1/add32/adder1/bit0/U1/Mxor_S_Result_SW0 (N55)
     LUT4:I2->O            6   0.479   0.876  converter1/add36/condition21 (N111)
     LUT4:I3->O            4   0.479   0.802  converter1/add36/condition51_SW0 (N65)
     LUT4_D:I3->O          2   0.479   0.768  converter1/add36/condition72 (converter1/add36/condition)
     LUT4:I3->O            3   0.479   0.794  converter1/add36/adder1/bit1/Cout1 (converter1/add36/adder1/c1)
     LUT4:I3->O            1   0.479   0.000  digit3c/Mrom_LED_out3_f5_F (N911)
     MUXF5:I0->O           4   0.314   0.779  digit3c/Mrom_LED_out3_f5 (digit3c/Mrom_LED_out3)
     OBUF:I->O                 4.909          digit3port_6_OBUF (digit3port<6>)
    ----------------------------------------
    Total                     14.812ns (8.723ns logic, 6.089ns route)
                                       (58.9% logic, 41.1% route)

=========================================================================


Total REAL time to Xst completion: 6.00 secs
Total CPU time to Xst completion: 5.83 secs
 
--> 

Total memory usage is 261748 kilobytes

Number of errors   :    0 (   0 filtered)
Number of warnings :   18 (   0 filtered)
Number of infos    :    1 (   0 filtered)

