Release 14.7 - xst P.20131013 (nt64)
Copyright (c) 1995-2013 Xilinx, Inc.  All rights reserved.
--> Parameter TMPDIR set to xst/projnav.tmp


Total REAL time to Xst completion: 0.00 secs
Total CPU time to Xst completion: 0.06 secs
 
--> Parameter xsthdpdir set to xst


Total REAL time to Xst completion: 0.00 secs
Total CPU time to Xst completion: 0.06 secs
 
--> Reading design: counter.prj

TABLE OF CONTENTS
  1) Synthesis Options Summary
  2) HDL Compilation
  3) Design Hierarchy Analysis
  4) HDL Analysis
  5) HDL Synthesis
     5.1) HDL Synthesis Report
  6) Advanced HDL Synthesis
     6.1) Advanced HDL Synthesis Report
  7) Low Level Synthesis
  8) Partition Report
  9) Final Report
	9.1) Device utilization summary
	9.2) Partition Resource Summary
	9.3) TIMING REPORT


=========================================================================
*                      Synthesis Options Summary                        *
=========================================================================
---- Source Parameters
Input File Name                    : "counter.prj"
Input Format                       : mixed
Ignore Synthesis Constraint File   : NO

---- Target Parameters
Output File Name                   : "counter"
Output Format                      : NGC
Target Device                      : xc3s1000-5-ft256

---- Source Options
Top Module Name                    : counter
Automatic FSM Extraction           : YES
FSM Encoding Algorithm             : Auto
Safe Implementation                : No
FSM Style                          : LUT
RAM Extraction                     : Yes
RAM Style                          : Auto
ROM Extraction                     : Yes
Mux Style                          : Auto
Decoder Extraction                 : YES
Priority Encoder Extraction        : Yes
Shift Register Extraction          : YES
Logical Shifter Extraction         : YES
XOR Collapsing                     : YES
ROM Style                          : Auto
Mux Extraction                     : Yes
Resource Sharing                   : YES
Asynchronous To Synchronous        : NO
Multiplier Style                   : Auto
Automatic Register Balancing       : No

---- Target Options
Add IO Buffers                     : YES
Global Maximum Fanout              : 100000
Add Generic Clock Buffer(BUFG)     : 8
Register Duplication               : YES
Slice Packing                      : YES
Optimize Instantiated Primitives   : NO
Use Clock Enable                   : Yes
Use Synchronous Set                : Yes
Use Synchronous Reset              : Yes
Pack IO Registers into IOBs        : Auto
Equivalent register Removal        : YES

---- General Options
Optimization Goal                  : Speed
Optimization Effort                : 1
Keep Hierarchy                     : No
Netlist Hierarchy                  : As_Optimized
RTL Output                         : Yes
Global Optimization                : AllClockNets
Read Cores                         : YES
Write Timing Constraints           : NO
Cross Clock Analysis               : NO
Hierarchy Separator                : /
Bus Delimiter                      : <>
Case Specifier                     : Maintain
Slice Utilization Ratio            : 100
BRAM Utilization Ratio             : 100
Verilog 2001                       : YES
Auto BRAM Packing                  : NO
Slice Utilization Ratio Delta      : 5

=========================================================================


=========================================================================
*                          HDL Compilation                              *
=========================================================================
Compiling vhdl file "C:/Users/cypher/Documents/GitHub/Projects-Cypher/Hardware Engineering/Digital Technology Exercise/Exercise 6/Question 3/E6Q3/E4Q1_1.vhd" in Library work.
Architecture behavioral of Entity d_flip_flop is up to date.
Compiling vhdl file "C:/Users/cypher/Documents/GitHub/Projects-Cypher/Hardware Engineering/Digital Technology Exercise/Exercise 6/Question 3/E6Q3/Q2_1.vhd" in Library work.
Architecture behavioural of Entity clock_divider is up to date.
Compiling vhdl file "C:/Users/cypher/Documents/GitHub/Projects-Cypher/Hardware Engineering/Digital Technology Exercise/Exercise 6/Question 3/E6Q3/Q5_1.vhd" in Library work.
Architecture behavioural of Entity counterupdown_4_bit is up to date.
Compiling vhdl file "C:/Users/cypher/Documents/GitHub/Projects-Cypher/Hardware Engineering/Digital Technology Exercise/Exercise 6/Question 3/E6Q3/Q1_1.vhd" in Library work.
Architecture behavioral of Entity led_7segment is up to date.
Compiling vhdl file "C:/Users/cypher/Documents/GitHub/Projects-Cypher/Hardware Engineering/Digital Technology Exercise/Exercise 6/Question 3/E6Q3/Q3_1.vhd" in Library work.
Entity <counter> compiled.
Entity <counter> (Architecture <behavioural>) compiled.

=========================================================================
*                     Design Hierarchy Analysis                         *
=========================================================================
Analyzing hierarchy for entity <counter> in library <work> (architecture <behavioural>).

Analyzing hierarchy for entity <clock_divider> in library <work> (architecture <behavioural>).

Analyzing hierarchy for entity <counterUpDown_4_bit> in library <work> (architecture <behavioural>).

Analyzing hierarchy for entity <LED_7segment> in library <work> (architecture <behavioral>).

Analyzing hierarchy for entity <D_flip_flop> in library <work> (architecture <behavioral>).


=========================================================================
*                            HDL Analysis                               *
=========================================================================
Analyzing Entity <counter> in library <work> (Architecture <behavioural>).
Entity <counter> analyzed. Unit <counter> generated.

Analyzing Entity <clock_divider> in library <work> (Architecture <behavioural>).
Entity <clock_divider> analyzed. Unit <clock_divider> generated.

Analyzing Entity <D_flip_flop> in library <work> (Architecture <behavioral>).
Entity <D_flip_flop> analyzed. Unit <D_flip_flop> generated.

Analyzing Entity <counterUpDown_4_bit> in library <work> (Architecture <behavioural>).
INFO:Xst:1749 - "C:/Users/cypher/Documents/GitHub/Projects-Cypher/Hardware Engineering/Digital Technology Exercise/Exercise 6/Question 3/E6Q3/Q5_1.vhd" line 67: report: all signed
Entity <counterUpDown_4_bit> analyzed. Unit <counterUpDown_4_bit> generated.

Analyzing Entity <LED_7segment> in library <work> (Architecture <behavioral>).
INFO:Xst:1561 - "C:/Users/cypher/Documents/GitHub/Projects-Cypher/Hardware Engineering/Digital Technology Exercise/Exercise 6/Question 3/E6Q3/Q1_1.vhd" line 48: Mux is complete : default of case is discarded
Entity <LED_7segment> analyzed. Unit <LED_7segment> generated.


=========================================================================
*                           HDL Synthesis                               *
=========================================================================

Performing bidirectional port resolution...

Synthesizing Unit <LED_7segment>.
    Related source file is "C:/Users/cypher/Documents/GitHub/Projects-Cypher/Hardware Engineering/Digital Technology Exercise/Exercise 6/Question 3/E6Q3/Q1_1.vhd".
    Found 16x7-bit ROM for signal <LED_out>.
    Summary:
	inferred   1 ROM(s).
Unit <LED_7segment> synthesized.


Synthesizing Unit <D_flip_flop>.
    Related source file is "C:/Users/cypher/Documents/GitHub/Projects-Cypher/Hardware Engineering/Digital Technology Exercise/Exercise 6/Question 3/E6Q3/E4Q1_1.vhd".
    Found 1-bit register for signal <q_s>.
    Summary:
	inferred   1 D-type flip-flop(s).
Unit <D_flip_flop> synthesized.


Synthesizing Unit <clock_divider>.
    Related source file is "C:/Users/cypher/Documents/GitHub/Projects-Cypher/Hardware Engineering/Digital Technology Exercise/Exercise 6/Question 3/E6Q3/Q2_1.vhd".
Unit <clock_divider> synthesized.


Synthesizing Unit <counterUpDown_4_bit>.
    Related source file is "C:/Users/cypher/Documents/GitHub/Projects-Cypher/Hardware Engineering/Digital Technology Exercise/Exercise 6/Question 3/E6Q3/Q5_1.vhd".
    Found 1-bit xor2 for signal <d1$xor0000> created at line 63.
    Found 1-bit register for signal <flip_flop_clock>.
    Summary:
	inferred   1 D-type flip-flop(s).
Unit <counterUpDown_4_bit> synthesized.


Synthesizing Unit <counter>.
    Related source file is "C:/Users/cypher/Documents/GitHub/Projects-Cypher/Hardware Engineering/Digital Technology Exercise/Exercise 6/Question 3/E6Q3/Q3_1.vhd".
WARNING:Xst:646 - Signal <counter_clock<7:4>> is assigned but never used. This unconnected signal will be trimmed during the optimization process.
WARNING:Xst:646 - Signal <counter_clock<2:0>> is assigned but never used. This unconnected signal will be trimmed during the optimization process.
Unit <counter> synthesized.


=========================================================================
HDL Synthesis Report

Macro Statistics
# ROMs                                                 : 1
 16x7-bit ROM                                          : 1
# Registers                                            : 13
 1-bit register                                        : 13
# Xors                                                 : 1
 1-bit xor2                                            : 1

=========================================================================

=========================================================================
*                       Advanced HDL Synthesis                          *
=========================================================================

WARNING:Xst:1290 - Hierarchical block <clk4> is unconnected in block <clockDivider1>.
   It will be removed from the design.
WARNING:Xst:1290 - Hierarchical block <clk5> is unconnected in block <clockDivider1>.
   It will be removed from the design.
WARNING:Xst:1290 - Hierarchical block <clk6> is unconnected in block <clockDivider1>.
   It will be removed from the design.
WARNING:Xst:1290 - Hierarchical block <clk7> is unconnected in block <clockDivider1>.
   It will be removed from the design.

=========================================================================
Advanced HDL Synthesis Report

Macro Statistics
# ROMs                                                 : 1
 16x7-bit ROM                                          : 1
# Registers                                            : 13
 Flip-Flops                                            : 13
# Xors                                                 : 1
 1-bit xor2                                            : 1

=========================================================================

=========================================================================
*                         Low Level Synthesis                           *
=========================================================================

Optimizing unit <counter> ...

Optimizing unit <clock_divider> ...

Optimizing unit <counterUpDown_4_bit> ...
WARNING:Xst:2677 - Node <clockDivider1/clk4/q_s> of sequential type is unconnected in block <counter>.
WARNING:Xst:2677 - Node <clockDivider1/clk5/q_s> of sequential type is unconnected in block <counter>.
WARNING:Xst:2677 - Node <clockDivider1/clk6/q_s> of sequential type is unconnected in block <counter>.
WARNING:Xst:2677 - Node <clockDivider1/clk7/q_s> of sequential type is unconnected in block <counter>.

Mapping all equations...
Building and optimizing final netlist ...
Found area constraint ratio of 100 (+ 5) on block counter, actual ratio is 0.

Final Macro Processing ...

=========================================================================
Final Register Report

Macro Statistics
# Registers                                            : 9
 Flip-Flops                                            : 9

=========================================================================

=========================================================================
*                           Partition Report                            *
=========================================================================

Partition Implementation Status
-------------------------------

  No Partitions were found in this design.

-------------------------------

=========================================================================
*                            Final Report                               *
=========================================================================
Final Results
RTL Top Level Output File Name     : counter.ngr
Top Level Output File Name         : counter
Output Format                      : NGC
Optimization Goal                  : Speed
Keep Hierarchy                     : No

Design Statistics
# IOs                              : 12

Cell Usage :
# BELS                             : 18
#      GND                         : 1
#      INV                         : 6
#      LUT3                        : 2
#      LUT4                        : 9
# FlipFlops/Latches                : 9
#      FDC                         : 8
#      FDE                         : 1
# Clock Buffers                    : 1
#      BUFGP                       : 1
# IO Buffers                       : 11
#      IBUF                        : 3
#      OBUF                        : 8
=========================================================================

Device utilization summary:
---------------------------

Selected Device : 3s1000ft256-5 

 Number of Slices:                        6  out of   7680     0%  
 Number of Slice Flip Flops:              9  out of  15360     0%  
 Number of 4 input LUTs:                 17  out of  15360     0%  
 Number of IOs:                          12
 Number of bonded IOBs:                  12  out of    173     6%  
 Number of GCLKs:                         1  out of      8    12%  

---------------------------
Partition Resource Summary:
---------------------------

  No Partitions were found in this design.

---------------------------


=========================================================================
TIMING REPORT

NOTE: THESE TIMING NUMBERS ARE ONLY A SYNTHESIS ESTIMATE.
      FOR ACCURATE TIMING INFORMATION PLEASE REFER TO THE TRACE REPORT
      GENERATED AFTER PLACE-and-ROUTE.

Clock Information:
------------------
-----------------------------------+-------------------------------+-------+
Clock Signal                       | Clock buffer(FF name)         | Load  |
-----------------------------------+-------------------------------+-------+
CLK                                | BUFGP                         | 1     |
clockDivider1/clk0/q_s             | NONE(clockDivider1/clk1/q_s)  | 1     |
clockDivider1/clk1/q_s             | NONE(clockDivider1/clk2/q_s)  | 1     |
clockDivider1/clk2/q_s             | NONE(clockDivider1/clk3/q_s)  | 1     |
counter1/flip_flop_clock           | NONE(counter1/clk0/q_s)       | 4     |
clockDivider1/clk3/q_s             | NONE(counter1/flip_flop_clock)| 1     |
-----------------------------------+-------------------------------+-------+
INFO:Xst:2169 - HDL ADVISOR - Some clock signals were not automatically buffered by XST with BUFG/BUFR resources. Please use the buffer_type constraint in order to insert these buffers to the clock signals to help prevent skew problems.

Asynchronous Control Signals Information:
----------------------------------------
-----------------------------------+------------------------+-------+
Control Signal                     | Buffer(FF name)        | Load  |
-----------------------------------+------------------------+-------+
RST                                | IBUF                   | 8     |
-----------------------------------+------------------------+-------+

Timing Summary:
---------------
Speed Grade: -5

   Minimum period: 3.598ns (Maximum Frequency: 277.952MHz)
   Minimum input arrival time before clock: 3.627ns
   Maximum output required time after clock: 7.954ns
   Maximum combinational path delay: No path found

Timing Detail:
--------------
All values displayed in nanoseconds (ns)

=========================================================================
Timing constraint: Default period analysis for Clock 'CLK'
  Clock period: 2.707ns (frequency: 369.372MHz)
  Total number of paths / destination ports: 1 / 1
-------------------------------------------------------------------------
Delay:               2.707ns (Levels of Logic = 1)
  Source:            clockDivider1/clk0/q_s (FF)
  Destination:       clockDivider1/clk0/q_s (FF)
  Source Clock:      CLK rising
  Destination Clock: CLK rising

  Data Path: clockDivider1/clk0/q_s to clockDivider1/clk0/q_s
                                Gate     Net
    Cell:in->out      fanout   Delay   Delay  Logical Name (Net Name)
    ----------------------------------------  ------------
     FDC:C->Q              2   0.626   0.745  clockDivider1/clk0/q_s (clockDivider1/clk0/q_s)
     INV:I->O              1   0.479   0.681  clockDivider1/clk0/Q_not1_INV_0 (clockDivider1/qn_internal<0>)
     FDC:D                     0.176          clockDivider1/clk0/q_s
    ----------------------------------------
    Total                      2.707ns (1.281ns logic, 1.426ns route)
                                       (47.3% logic, 52.7% route)

=========================================================================
Timing constraint: Default period analysis for Clock 'clockDivider1/clk0/q_s'
  Clock period: 2.707ns (frequency: 369.372MHz)
  Total number of paths / destination ports: 1 / 1
-------------------------------------------------------------------------
Delay:               2.707ns (Levels of Logic = 1)
  Source:            clockDivider1/clk1/q_s (FF)
  Destination:       clockDivider1/clk1/q_s (FF)
  Source Clock:      clockDivider1/clk0/q_s rising
  Destination Clock: clockDivider1/clk0/q_s rising

  Data Path: clockDivider1/clk1/q_s to clockDivider1/clk1/q_s
                                Gate     Net
    Cell:in->out      fanout   Delay   Delay  Logical Name (Net Name)
    ----------------------------------------  ------------
     FDC:C->Q              2   0.626   0.745  clockDivider1/clk1/q_s (clockDivider1/clk1/q_s)
     INV:I->O              1   0.479   0.681  clockDivider1/clk1/Q_not1_INV_0 (clockDivider1/qn_internal<1>)
     FDC:D                     0.176          clockDivider1/clk1/q_s
    ----------------------------------------
    Total                      2.707ns (1.281ns logic, 1.426ns route)
                                       (47.3% logic, 52.7% route)

=========================================================================
Timing constraint: Default period analysis for Clock 'clockDivider1/clk1/q_s'
  Clock period: 2.707ns (frequency: 369.372MHz)
  Total number of paths / destination ports: 1 / 1
-------------------------------------------------------------------------
Delay:               2.707ns (Levels of Logic = 1)
  Source:            clockDivider1/clk2/q_s (FF)
  Destination:       clockDivider1/clk2/q_s (FF)
  Source Clock:      clockDivider1/clk1/q_s rising
  Destination Clock: clockDivider1/clk1/q_s rising

  Data Path: clockDivider1/clk2/q_s to clockDivider1/clk2/q_s
                                Gate     Net
    Cell:in->out      fanout   Delay   Delay  Logical Name (Net Name)
    ----------------------------------------  ------------
     FDC:C->Q              2   0.626   0.745  clockDivider1/clk2/q_s (clockDivider1/clk2/q_s)
     INV:I->O              1   0.479   0.681  clockDivider1/clk2/Q_not1_INV_0 (clockDivider1/qn_internal<2>)
     FDC:D                     0.176          clockDivider1/clk2/q_s
    ----------------------------------------
    Total                      2.707ns (1.281ns logic, 1.426ns route)
                                       (47.3% logic, 52.7% route)

=========================================================================
Timing constraint: Default period analysis for Clock 'clockDivider1/clk2/q_s'
  Clock period: 2.707ns (frequency: 369.372MHz)
  Total number of paths / destination ports: 1 / 1
-------------------------------------------------------------------------
Delay:               2.707ns (Levels of Logic = 1)
  Source:            clockDivider1/clk3/q_s (FF)
  Destination:       clockDivider1/clk3/q_s (FF)
  Source Clock:      clockDivider1/clk2/q_s rising
  Destination Clock: clockDivider1/clk2/q_s rising

  Data Path: clockDivider1/clk3/q_s to clockDivider1/clk3/q_s
                                Gate     Net
    Cell:in->out      fanout   Delay   Delay  Logical Name (Net Name)
    ----------------------------------------  ------------
     FDC:C->Q              2   0.626   0.745  clockDivider1/clk3/q_s (clockDivider1/clk3/q_s)
     INV:I->O              1   0.479   0.681  clockDivider1/clk3/Q_not1_INV_0 (clockDivider1/qn_internal<3>)
     FDC:D                     0.176          clockDivider1/clk3/q_s
    ----------------------------------------
    Total                      2.707ns (1.281ns logic, 1.426ns route)
                                       (47.3% logic, 52.7% route)

=========================================================================
Timing constraint: Default period analysis for Clock 'counter1/flip_flop_clock'
  Clock period: 3.598ns (frequency: 277.952MHz)
  Total number of paths / destination ports: 10 / 4
-------------------------------------------------------------------------
Delay:               3.598ns (Levels of Logic = 2)
  Source:            counter1/clk1/q_s (FF)
  Destination:       counter1/clk3/q_s (FF)
  Source Clock:      counter1/flip_flop_clock rising
  Destination Clock: counter1/flip_flop_clock rising

  Data Path: counter1/clk1/q_s to counter1/clk3/q_s
                                Gate     Net
    Cell:in->out      fanout   Delay   Delay  Logical Name (Net Name)
    ----------------------------------------  ------------
     FDC:C->Q             10   0.626   1.134  counter1/clk1/q_s (counter1/clk1/q_s)
     LUT3:I1->O            1   0.479   0.704  counter1/d211 (counter1/N11)
     LUT4:I3->O            1   0.479   0.000  counter1/d31 (counter1/d3)
     FDC:D                     0.176          counter1/clk3/q_s
    ----------------------------------------
    Total                      3.598ns (1.760ns logic, 1.838ns route)
                                       (48.9% logic, 51.1% route)

=========================================================================
Timing constraint: Default period analysis for Clock 'clockDivider1/clk3/q_s'
  Clock period: 2.745ns (frequency: 364.339MHz)
  Total number of paths / destination ports: 1 / 1
-------------------------------------------------------------------------
Delay:               2.745ns (Levels of Logic = 1)
  Source:            counter1/flip_flop_clock (FF)
  Destination:       counter1/flip_flop_clock (FF)
  Source Clock:      clockDivider1/clk3/q_s rising
  Destination Clock: clockDivider1/clk3/q_s rising

  Data Path: counter1/flip_flop_clock to counter1/flip_flop_clock
                                Gate     Net
    Cell:in->out      fanout   Delay   Delay  Logical Name (Net Name)
    ----------------------------------------  ------------
     FDE:C->Q              5   0.626   0.783  counter1/flip_flop_clock (counter1/flip_flop_clock)
     INV:I->O              1   0.479   0.681  counter1/flip_flop_clock_not00011_INV_0 (counter1/flip_flop_clock_not0001)
     FDE:D                     0.176          counter1/flip_flop_clock
    ----------------------------------------
    Total                      2.745ns (1.281ns logic, 1.464ns route)
                                       (46.7% logic, 53.3% route)

=========================================================================
Timing constraint: Default OFFSET IN BEFORE for Clock 'counter1/flip_flop_clock'
  Total number of paths / destination ports: 4 / 3
-------------------------------------------------------------------------
Offset:              3.627ns (Levels of Logic = 3)
  Source:            UpDown (PAD)
  Destination:       counter1/clk3/q_s (FF)
  Destination Clock: counter1/flip_flop_clock rising

  Data Path: UpDown to counter1/clk3/q_s
                                Gate     Net
    Cell:in->out      fanout   Delay   Delay  Logical Name (Net Name)
    ----------------------------------------  ------------
     IBUF:I->O             4   0.715   1.074  UpDown_IBUF (UpDown_IBUF)
     LUT3:I0->O            1   0.479   0.704  counter1/d211 (counter1/N11)
     LUT4:I3->O            1   0.479   0.000  counter1/d31 (counter1/d3)
     FDC:D                     0.176          counter1/clk3/q_s
    ----------------------------------------
    Total                      3.627ns (1.849ns logic, 1.778ns route)
                                       (51.0% logic, 49.0% route)

=========================================================================
Timing constraint: Default OFFSET IN BEFORE for Clock 'clockDivider1/clk3/q_s'
  Total number of paths / destination ports: 1 / 1
-------------------------------------------------------------------------
Offset:              1.920ns (Levels of Logic = 1)
  Source:            EN (PAD)
  Destination:       counter1/flip_flop_clock (FF)
  Destination Clock: clockDivider1/clk3/q_s rising

  Data Path: EN to counter1/flip_flop_clock
                                Gate     Net
    Cell:in->out      fanout   Delay   Delay  Logical Name (Net Name)
    ----------------------------------------  ------------
     IBUF:I->O             1   0.715   0.681  EN_IBUF (EN_IBUF)
     FDE:CE                    0.524          counter1/flip_flop_clock
    ----------------------------------------
    Total                      1.920ns (1.239ns logic, 0.681ns route)
                                       (64.5% logic, 35.5% route)

=========================================================================
Timing constraint: Default OFFSET OUT AFTER for Clock 'counter1/flip_flop_clock'
  Total number of paths / destination ports: 28 / 7
-------------------------------------------------------------------------
Offset:              7.954ns (Levels of Logic = 2)
  Source:            counter1/clk1/q_s (FF)
  Destination:       SEG<6> (PAD)
  Source Clock:      counter1/flip_flop_clock rising

  Data Path: counter1/clk1/q_s to SEG<6>
                                Gate     Net
    Cell:in->out      fanout   Delay   Delay  Logical Name (Net Name)
    ----------------------------------------  ------------
     FDC:C->Q             10   0.626   1.259  counter1/clk1/q_s (counter1/clk1/q_s)
     LUT4:I0->O            1   0.479   0.681  display1/Mrom_LED_out41 (SEG_4_OBUF)
     OBUF:I->O                 4.909          SEG_4_OBUF (SEG<4>)
    ----------------------------------------
    Total                      7.954ns (6.014ns logic, 1.940ns route)
                                       (75.6% logic, 24.4% route)

=========================================================================


Total REAL time to Xst completion: 3.00 secs
Total CPU time to Xst completion: 3.06 secs
 
--> 

Total memory usage is 256564 kilobytes

Number of errors   :    0 (   0 filtered)
Number of warnings :   10 (   0 filtered)
Number of infos    :    3 (   0 filtered)

